<?xml version="1.0" encoding="UTF-8"?>
<testsuite name="Cucumber" time="5.86" tests="1" skipped="0" failures="0" errors="0">
<testcase classname="Verify the all Leafground elements" name="" time="5.446">
<system-out><![CDATA[
Given select the browser option.............................................passed
When Alert option...........................................................passed
Then select Alert for Simple Dialog button..................................passed
And click alert model OK button.............................................passed
Then get the text...........................................................passed
]]></system-out>
</testcase>
</testsuite>
